<?xml version="1.0" encoding="UTF-8"?>
<!-- Generated by org.testng.reporters.JUnitXMLReporter -->
<testsuite ignored="4" hostname="USE2DEVP5773" failures="0" tests="1" name="Test" time="321.909" errors="0" timestamp="2022-11-04T16:32:06 IST">
  <testcase classname="testPackage.Automations320602" name="VerifyAutomationReselection" time="321.784"/>
  <testcase classname="testPackage.Automations320602" name="VerifyAutomationDeselection" time="0.0">
    <ignored/>
  </testcase> <!-- VerifyAutomationDeselection -->
  <testcase classname="testPackage.Automations320602" name="VerifyAutomationsDropdown" time="0.0">
    <ignored/>
  </testcase> <!-- VerifyAutomationsDropdown -->
  <testcase classname="testPackage.Automations320602" name="VerifyAutomationRemoval" time="0.0">
    <ignored/>
  </testcase> <!-- VerifyAutomationRemoval -->
  <testcase classname="testPackage.Automations320602" name="VerifyAutomationinHeadline" time="0.0">
    <ignored/>
  </testcase> <!-- VerifyAutomationinHeadline -->
</testsuite> <!-- Test -->
