<?xml version="1.0" encoding="UTF-8"?>
<!-- Generated by org.testng.reporters.JUnitXMLReporter -->
<testsuite ignored="6" hostname="USE2DEVP5773" failures="0" tests="1" name="Test" time="121.532" errors="0" timestamp="2022-11-18T17:16:48 IST">
  <testcase classname="testPackage.MetaData" name="Verify_Alert_Publish" time="120.34"/>
  <testcase classname="testPackage.MetaData" name="Verify_USN" time="0.0">
    <ignored/>
  </testcase> <!-- Verify_USN -->
  <testcase classname="testPackage.MetaData" name="Verify_StoryID_Format" time="0.0">
    <ignored/>
  </testcase> <!-- Verify_StoryID_Format -->
  <testcase classname="testPackage.MetaData" name="Verify_Storylist" time="0.0">
    <ignored/>
  </testcase> <!-- Verify_Storylist -->
  <testcase classname="testPackage.MetaData" name="VerifyAlertEditor" time="0.0">
    <ignored/>
  </testcase> <!-- VerifyAlertEditor -->
  <testcase classname="testPackage.MetaData" name="Verify_Multiplecodes" time="0.0">
    <ignored/>
  </testcase> <!-- Verify_Multiplecodes -->
  <testcase classname="testPackage.MetaData" name="Verify_Display_Metadata_RIC" time="0.0">
    <ignored/>
  </testcase> <!-- Verify_Display_Metadata_RIC -->
</testsuite> <!-- Test -->
